0 info it worked if it ends with ok
1 verbose cli [ '/Users/kimuratakumi/.nodebrew/node/v6.5.0/bin/node',
1 verbose cli   '/Users/kimuratakumi/.nodebrew/current/bin/npm',
1 verbose cli   'publish' ]
2 info using npm@3.10.9
3 info using node@v6.5.0
4 verbose publish [ '.' ]
5 silly cache add args [ '.', null ]
6 verbose cache add spec .
7 silly cache add parsed spec Result {
7 silly cache add   raw: '.',
7 silly cache add   scope: null,
7 silly cache add   escapedName: null,
7 silly cache add   name: null,
7 silly cache add   rawSpec: '.',
7 silly cache add   spec: '/Users/kimuratakumi/Desktop/works/nimbus',
7 silly cache add   type: 'directory' }
8 verbose addLocalDirectory /Users/kimuratakumi/.npm/nimbus-jquery/1.0.1/package.tgz not in flight; packing
9 verbose correctMkdir /Users/kimuratakumi/.npm correctMkdir not in flight; initializing
10 info lifecycle nimbus-jquery@1.0.1~prepublish: nimbus-jquery@1.0.1
11 verbose lifecycle nimbus-jquery@1.0.1~prepublish: unsafe-perm in lifecycle true
12 verbose lifecycle nimbus-jquery@1.0.1~prepublish: PATH: /Users/kimuratakumi/.nodebrew/node/v6.5.0/lib/node_modules/npm/bin/node-gyp-bin:/Users/kimuratakumi/Desktop/works/nimbus/node_modules/.bin:/Users/kimuratakumi/.nodebrew/node/v6.5.0/bin:/usr/local/var/jenv/shims:/Users/kimuratakumi/.nodebrew/current/bin:/Users/kimuratakumi/.rbenv/shims:/usr/local/bin:/usr/local/sbin:/usr/bin:/bin:/usr/sbin:/sbin
13 verbose lifecycle nimbus-jquery@1.0.1~prepublish: CWD: /Users/kimuratakumi/Desktop/works/nimbus
14 silly lifecycle nimbus-jquery@1.0.1~prepublish: Args: [ '-c', 'gulp css' ]
15 silly lifecycle nimbus-jquery@1.0.1~prepublish: Returned: code: 0  signal: null
16 verbose tar pack [ '/Users/kimuratakumi/.npm/nimbus-jquery/1.0.1/package.tgz',
16 verbose tar pack   '/Users/kimuratakumi/Desktop/works/nimbus' ]
17 verbose tarball /Users/kimuratakumi/.npm/nimbus-jquery/1.0.1/package.tgz
18 verbose folder /Users/kimuratakumi/Desktop/works/nimbus
19 verbose addLocalTarball adding from inside cache /Users/kimuratakumi/.npm/nimbus-jquery/1.0.1/package.tgz
20 verbose correctMkdir /Users/kimuratakumi/.npm correctMkdir not in flight; initializing
21 silly cache afterAdd nimbus-jquery@1.0.1
22 verbose afterAdd /Users/kimuratakumi/.npm/nimbus-jquery/1.0.1/package/package.json not in flight; writing
23 verbose correctMkdir /Users/kimuratakumi/.npm correctMkdir not in flight; initializing
24 verbose afterAdd /Users/kimuratakumi/.npm/nimbus-jquery/1.0.1/package/package.json written
25 silly publish { name: 'nimbus-jquery',
25 silly publish   version: '1.0.1',
25 silly publish   main: 'index.js',
25 silly publish   scripts: { prepublish: 'gulp css' },
25 silly publish   author:
25 silly publish    { name: 'Takumi0901',
25 silly publish      email: 'juventus0901@gmail.com',
25 silly publish      url: 'https://github.com/keitarou' },
25 silly publish   license: 'MIT',
25 silly publish   description: 'CSS is being changed using PostCSS in Nimbus.CSS holds a used plug-in at a minimum to avoid the one of being too to will be in the original specification.',
25 silly publish   devDependencies:
25 silly publish    { autoprefixer: '^6.5.3',
25 silly publish      cssnano: '^3.8.1',
25 silly publish      gulp: '^3.9.1',
25 silly publish      'gulp-plumber': '^1.1.0',
25 silly publish      'gulp-postcss': '^6.2.0',
25 silly publish      'gulp-rename': '^1.2.2',
25 silly publish      'gulp-sourcemaps': '^1.9.1',
25 silly publish      'postcss-at-rules-variables': '0.0.27',
25 silly publish      'postcss-calc': '^5.3.1',
25 silly publish      'postcss-color-function': '^2.0.1',
25 silly publish      'postcss-cssnext': '^2.10.0',
25 silly publish      'postcss-custom-media': '^5.0.1',
25 silly publish      'postcss-custom-properties': '^5.0.1',
25 silly publish      'postcss-extend': '^1.0.5',
25 silly publish      'postcss-for': '^2.1.1',
25 silly publish      'postcss-import': '^8.2.0',
25 silly publish      'postcss-mixins': '^5.4.0',
25 silly publish      'postcss-nested': '^1.0.0',
25 silly publish      'postcss-reporter': '^2.0.0',
25 silly publish      'postcss-scss': '^0.4.1',
25 silly publish      'postcss-simple-vars': '^3.0.0',
25 silly publish      stylelint: '^7.6.0',
25 silly publish      'stylelint-config-standard': '^15.0.0' },
25 silly publish   readme: '## The feature of Nimbus\n### PostCSS\n\nCSS is being changed using PostCSS in Nimbus.CSS holds a used plug-in at a minimum to avoid the one of being too to will be in the original specification.\n\n#### Plugin\n\n- postcss-cssnext\n- postcss-import\n- postcss-nested\n- cssnano\n\n### Responsive & Mobile first\n\nThe grid system is flexbox based. So it\'s simple and excellent than the float layout! Same height box, Reverse grid, Equal spacing layout and more.\n\n### Component which is often used was collected.\n\ncomponent which is often used by a corporate site was collected. It\'s possible to button up the favorite color and size by changing the color and the size which become a basis.\n\n## Architecture\n\nThe architecture of CSS in Nimbus is based on FLOCSS. There is variables.css which manages a variable of CSS by a core directory. It\'s made compilation now using Gulp.\n\n```\n├ core/\n├ foundation/\n├ layout/\n└ object/\n  ├ component/\n  ├ project/\n  └ utility/\n```\n\n## License\n\nNimbus licensed under MIT. Nimbus is absolutely free for personal or commercial use.\n\n',
25 silly publish   readmeFilename: 'README.md',
25 silly publish   gitHead: '64e4efc495328a0978cb23d539acc96e8a0316d0',
25 silly publish   _id: 'nimbus-jquery@1.0.1',
25 silly publish   _shasum: 'e67fb342b0b66a091241f5a9c8b6b39ad6826af6',
25 silly publish   _from: '.' }
26 verbose getPublishConfig undefined
27 silly mapToRegistry name nimbus-jquery
28 silly mapToRegistry using default registry
29 silly mapToRegistry registry https://registry.npmjs.org/
30 silly mapToRegistry data Result {
30 silly mapToRegistry   raw: 'nimbus-jquery',
30 silly mapToRegistry   scope: null,
30 silly mapToRegistry   escapedName: 'nimbus-jquery',
30 silly mapToRegistry   name: 'nimbus-jquery',
30 silly mapToRegistry   rawSpec: '',
30 silly mapToRegistry   spec: 'latest',
30 silly mapToRegistry   type: 'tag' }
31 silly mapToRegistry uri https://registry.npmjs.org/nimbus-jquery
32 verbose publish registryBase https://registry.npmjs.org/
33 silly publish uploading /Users/kimuratakumi/.npm/nimbus-jquery/1.0.1/package.tgz
34 verbose request uri https://registry.npmjs.org/nimbus-jquery
35 verbose request sending authorization for write operation
36 info attempt registry request try #1 at 22:36:01
37 verbose request using bearer token for auth
38 verbose request id 151c7750137cdef0
39 http request PUT https://registry.npmjs.org/nimbus-jquery
40 http 403 https://registry.npmjs.org/nimbus-jquery
41 verbose headers { 'content-type': 'application/json',
41 verbose headers   'cache-control': 'max-age=300',
41 verbose headers   'content-length': '95',
41 verbose headers   'accept-ranges': 'bytes',
41 verbose headers   date: 'Fri, 24 Mar 2017 13:36:03 GMT',
41 verbose headers   via: '1.1 varnish',
41 verbose headers   connection: 'keep-alive',
41 verbose headers   'x-served-by': 'cache-itm7427-ITM',
41 verbose headers   'x-cache': 'MISS',
41 verbose headers   'x-cache-hits': '0',
41 verbose headers   'x-timer': 'S1490362562.609049,VS0,VE1388',
41 verbose headers   vary: 'Accept-Encoding' }
42 verbose request invalidating /Users/kimuratakumi/.npm/registry.npmjs.org/nimbus-jquery on PUT
43 error publish Failed PUT 403
44 verbose stack Error: "You cannot publish over the previously published version 1.0.1." : nimbus-jquery
44 verbose stack     at makeError (/Users/kimuratakumi/.nodebrew/node/v6.5.0/lib/node_modules/npm/node_modules/npm-registry-client/lib/request.js:302:12)
44 verbose stack     at CachingRegistryClient.<anonymous> (/Users/kimuratakumi/.nodebrew/node/v6.5.0/lib/node_modules/npm/node_modules/npm-registry-client/lib/request.js:290:14)
44 verbose stack     at Request._callback (/Users/kimuratakumi/.nodebrew/node/v6.5.0/lib/node_modules/npm/node_modules/npm-registry-client/lib/request.js:210:14)
44 verbose stack     at Request.self.callback (/Users/kimuratakumi/.nodebrew/node/v6.5.0/lib/node_modules/npm/node_modules/request/request.js:187:22)
44 verbose stack     at emitTwo (events.js:106:13)
44 verbose stack     at Request.emit (events.js:191:7)
44 verbose stack     at Request.<anonymous> (/Users/kimuratakumi/.nodebrew/node/v6.5.0/lib/node_modules/npm/node_modules/request/request.js:1048:10)
44 verbose stack     at emitOne (events.js:96:13)
44 verbose stack     at Request.emit (events.js:188:7)
44 verbose stack     at IncomingMessage.<anonymous> (/Users/kimuratakumi/.nodebrew/node/v6.5.0/lib/node_modules/npm/node_modules/request/request.js:969:12)
45 verbose statusCode 403
46 verbose pkgid nimbus-jquery
47 verbose cwd /Users/kimuratakumi/Desktop/works/nimbus
48 error Darwin 16.4.0
49 error argv "/Users/kimuratakumi/.nodebrew/node/v6.5.0/bin/node" "/Users/kimuratakumi/.nodebrew/current/bin/npm" "publish"
50 error node v6.5.0
51 error npm  v3.10.9
52 error code E403
53 error "You cannot publish over the previously published version 1.0.1." : nimbus-jquery
54 error If you need help, you may report this error at:
54 error     <https://github.com/npm/npm/issues>
55 verbose exit [ 1, true ]
